Manager_side_andriod_app/app/build/intermediates/manifest_merge_blame_file/debug/processDebugMainManifest/manifest-merger-blame-debug-report.txt
1<?xml version="1.0" encoding="utf-8"?>
2<manifest xmlns:android="http://schemas.android.com/apk/res/android"
3    package="com.example.qrscanner"
4    android:versionCode="1"
5    android:versionName="1.0" >
6
7    <uses-sdk
8        android:minSdkVersion="24"
9        android:targetSdkVersion="34" />
10    <!-- Camera -->
11    <uses-permission android:name="android.permission.CAMERA" />
11-->src\main\AndroidManifest.xml:5:5-65
11-->src\main\AndroidManifest.xml:5:22-62
12
13    <uses-feature
13-->src\main\AndroidManifest.xml:7:5-9:35
14        android:name="android.hardware.camera"
14-->src\main\AndroidManifest.xml:8:9-47
15        android:required="true" /> <!-- Network (WiFi) -->
15-->src\main\AndroidManifest.xml:9:9-32
16    <uses-permission android:name="android.permission.INTERNET" />
16-->src\main\AndroidManifest.xml:10:5-67
16-->src\main\AndroidManifest.xml:10:22-64
17    <uses-permission android:name="android.permission.ACCESS_NETWORK_STATE" />
17-->src\main\AndroidManifest.xml:11:5-79
17-->src\main\AndroidManifest.xml:11:22-76
18    <uses-permission android:name="android.permission.ACCESS_WIFI_STATE" />
18-->src\main\AndroidManifest.xml:12:5-76
18-->src\main\AndroidManifest.xml:12:22-73
19    <uses-permission android:name="android.permission.VIBRATE" />
19-->src\main\AndroidManifest.xml:13:5-66
19-->src\main\AndroidManifest.xml:13:22-63
20    <uses-permission android:name="android.permission.USE_BIOMETRIC" /> <!-- suppress DeprecatedClassUsageInspection -->
20-->[androidx.biometric:biometric:1.2.0-alpha05] AndroidManifest.xml:22:5-72
20-->[androidx.biometric:biometric:1.2.0-alpha05] AndroidManifest.xml:22:22-69
21    <uses-permission android:name="android.permission.USE_FINGERPRINT" />
21-->[androidx.biometric:biometric:1.2.0-alpha05] AndroidManifest.xml:25:5-74
21-->[androidx.biometric:biometric:1.2.0-alpha05] AndroidManifest.xml:25:22-71
22
23    <permission
23-->[androidx.core:core:1.13.1] AndroidManifest.xml:22:5-24:47
24        android:name="com.example.qrscanner.DYNAMIC_RECEIVER_NOT_EXPORTED_PERMISSION"
24-->[androidx.core:core:1.13.1] AndroidManifest.xml:23:9-81
25        android:protectionLevel="signature" />
25-->[androidx.core:core:1.13.1] AndroidManifest.xml:24:9-44
26
27    <uses-permission android:name="com.example.qrscanner.DYNAMIC_RECEIVER_NOT_EXPORTED_PERMISSION" />
27-->[androidx.core:core:1.13.1] AndroidManifest.xml:26:5-97
27-->[androidx.core:core:1.13.1] AndroidManifest.xml:26:22-94
28
29    <application
29-->src\main\AndroidManifest.xml:15:5-33:19
30        android:allowBackup="true"
30-->src\main\AndroidManifest.xml:16:9-35
31        android:appComponentFactory="androidx.core.app.CoreComponentFactory"
31-->[androidx.core:core:1.13.1] AndroidManifest.xml:28:18-86
32        android:debuggable="true"
33        android:extractNativeLibs="false"
34        android:label="@string/app_name"
34-->src\main\AndroidManifest.xml:17:9-41
35        android:supportsRtl="true"
35-->src\main\AndroidManifest.xml:18:9-35
36        android:theme="@style/Theme.Form16QRScanner" >
36-->src\main\AndroidManifest.xml:19:9-53
37        <activity
37-->src\main\AndroidManifest.xml:22:9-32:20
38            android:name="com.example.qrscanner.MainActivity"
38-->src\main\AndroidManifest.xml:23:13-41
39            android:exported="true"
39-->src\main\AndroidManifest.xml:24:13-36
40            android:screenOrientation="portrait" >
40-->src\main\AndroidManifest.xml:25:13-49
41            <intent-filter>
41-->src\main\AndroidManifest.xml:27:13-31:29
42                <action android:name="android.intent.action.MAIN" />
42-->src\main\AndroidManifest.xml:28:17-69
42-->src\main\AndroidManifest.xml:28:25-66
43
44                <category android:name="android.intent.category.LAUNCHER" />
44-->src\main\AndroidManifest.xml:30:17-77
44-->src\main\AndroidManifest.xml:30:27-74
45            </intent-filter>
46        </activity>
47
48        <service
48-->[androidx.camera:camera-camera2:1.3.1] AndroidManifest.xml:24:9-33:19
49            android:name="androidx.camera.core.impl.MetadataHolderService"
49-->[androidx.camera:camera-camera2:1.3.1] AndroidManifest.xml:25:13-75
50            android:enabled="false"
50-->[androidx.camera:camera-camera2:1.3.1] AndroidManifest.xml:26:13-36
51            android:exported="false" >
51-->[androidx.camera:camera-camera2:1.3.1] AndroidManifest.xml:27:13-37
52            <meta-data
52-->[androidx.camera:camera-camera2:1.3.1] AndroidManifest.xml:30:13-32:89
53                android:name="androidx.camera.core.impl.MetadataHolderService.DEFAULT_CONFIG_PROVIDER"
53-->[androidx.camera:camera-camera2:1.3.1] AndroidManifest.xml:31:17-103
54                android:value="androidx.camera.camera2.Camera2Config$DefaultProvider" />
54-->[androidx.camera:camera-camera2:1.3.1] AndroidManifest.xml:32:17-86
55        </service>
56        <service
56-->[com.google.android.gms:play-services-mlkit-barcode-scanning:18.3.0] AndroidManifest.xml:9:9-15:19
57            android:name="com.google.mlkit.common.internal.MlKitComponentDiscoveryService"
57-->[com.google.android.gms:play-services-mlkit-barcode-scanning:18.3.0] AndroidManifest.xml:10:13-91
58            android:directBootAware="true"
58-->[com.google.mlkit:common:18.9.0] AndroidManifest.xml:17:13-43
59            android:exported="false" >
59-->[com.google.android.gms:play-services-mlkit-barcode-scanning:18.3.0] AndroidManifest.xml:11:13-37
60            <meta-data
60-->[com.google.android.gms:play-services-mlkit-barcode-scanning:18.3.0] AndroidManifest.xml:12:13-14:85
61                android:name="com.google.firebase.components:com.google.mlkit.vision.barcode.internal.BarcodeRegistrar"
61-->[com.google.android.gms:play-services-mlkit-barcode-scanning:18.3.0] AndroidManifest.xml:13:17-120
62                android:value="com.google.firebase.components.ComponentRegistrar" />
62-->[com.google.android.gms:play-services-mlkit-barcode-scanning:18.3.0] AndroidManifest.xml:14:17-82
63            <meta-data
63-->[com.google.mlkit:vision-common:17.3.0] AndroidManifest.xml:12:13-14:85
64                android:name="com.google.firebase.components:com.google.mlkit.vision.common.internal.VisionCommonRegistrar"
64-->[com.google.mlkit:vision-common:17.3.0] AndroidManifest.xml:13:17-124
65                android:value="com.google.firebase.components.ComponentRegistrar" />
65-->[com.google.mlkit:vision-common:17.3.0] AndroidManifest.xml:14:17-82
66            <meta-data
66-->[com.google.mlkit:common:18.9.0] AndroidManifest.xml:20:13-22:85
67                android:name="com.google.firebase.components:com.google.mlkit.common.internal.CommonComponentRegistrar"
67-->[com.google.mlkit:common:18.9.0] AndroidManifest.xml:21:17-120
68                android:value="com.google.firebase.components.ComponentRegistrar" />
68-->[com.google.mlkit:common:18.9.0] AndroidManifest.xml:22:17-82
69        </service>
70
71        <provider
71-->[com.google.mlkit:common:18.9.0] AndroidManifest.xml:9:9-13:38
72            android:name="com.google.mlkit.common.internal.MlKitInitProvider"
72-->[com.google.mlkit:common:18.9.0] AndroidManifest.xml:10:13-78
73            android:authorities="com.example.qrscanner.mlkitinitprovider"
73-->[com.google.mlkit:common:18.9.0] AndroidManifest.xml:11:13-69
74            android:exported="false"
74-->[com.google.mlkit:common:18.9.0] AndroidManifest.xml:12:13-37
75            android:initOrder="99" />
75-->[com.google.mlkit:common:18.9.0] AndroidManifest.xml:13:13-35
76
77        <activity
77-->[com.google.android.gms:play-services-base:18.1.0] AndroidManifest.xml:20:9-22:45
78            android:name="com.google.android.gms.common.api.GoogleApiActivity"
78-->[com.google.android.gms:play-services-base:18.1.0] AndroidManifest.xml:20:19-85
79            android:exported="false"
79-->[com.google.android.gms:play-services-base:18.1.0] AndroidManifest.xml:22:19-43
80            android:theme="@android:style/Theme.Translucent.NoTitleBar" />
80-->[com.google.android.gms:play-services-base:18.1.0] AndroidManifest.xml:21:19-78
81
82        <meta-data
82-->[com.google.android.gms:play-services-basement:18.1.0] AndroidManifest.xml:21:9-23:69
83            android:name="com.google.android.gms.version"
83-->[com.google.android.gms:play-services-basement:18.1.0] AndroidManifest.xml:22:13-58
84            android:value="@integer/google_play_services_version" />
84-->[com.google.android.gms:play-services-basement:18.1.0] AndroidManifest.xml:23:13-66
85
86        <provider
86-->[androidx.emoji2:emoji2:1.2.0] AndroidManifest.xml:24:9-32:20
87            android:name="androidx.startup.InitializationProvider"
87-->[androidx.emoji2:emoji2:1.2.0] AndroidManifest.xml:25:13-67
88            android:authorities="com.example.qrscanner.androidx-startup"
88-->[androidx.emoji2:emoji2:1.2.0] AndroidManifest.xml:26:13-68
89            android:exported="false" >
89-->[androidx.emoji2:emoji2:1.2.0] AndroidManifest.xml:27:13-37
90            <meta-data
90-->[androidx.emoji2:emoji2:1.2.0] AndroidManifest.xml:29:13-31:52
91                android:name="androidx.emoji2.text.EmojiCompatInitializer"
91-->[androidx.emoji2:emoji2:1.2.0] AndroidManifest.xml:30:17-75
92                android:value="androidx.startup" />
92-->[androidx.emoji2:emoji2:1.2.0] AndroidManifest.xml:31:17-49
93            <meta-data
93-->[androidx.lifecycle:lifecycle-process:2.9.0] AndroidManifest.xml:29:13-31:52
94                android:name="androidx.lifecycle.ProcessLifecycleInitializer"
94-->[androidx.lifecycle:lifecycle-process:2.9.0] AndroidManifest.xml:30:17-78
95                android:value="androidx.startup" />
95-->[androidx.lifecycle:lifecycle-process:2.9.0] AndroidManifest.xml:31:17-49
96            <meta-data
96-->[androidx.profileinstaller:profileinstaller:1.4.0] AndroidManifest.xml:29:13-31:52
97                android:name="androidx.profileinstaller.ProfileInstallerInitializer"
97-->[androidx.profileinstaller:profileinstaller:1.4.0] AndroidManifest.xml:30:17-85
98                android:value="androidx.startup" />
98-->[androidx.profileinstaller:profileinstaller:1.4.0] AndroidManifest.xml:31:17-49
99        </provider>
100
101        <uses-library
101-->[androidx.window:window:1.0.0] AndroidManifest.xml:25:9-27:40
102            android:name="androidx.window.extensions"
102-->[androidx.window:window:1.0.0] AndroidManifest.xml:26:13-54
103            android:required="false" />
103-->[androidx.window:window:1.0.0] AndroidManifest.xml:27:13-37
104        <uses-library
104-->[androidx.window:window:1.0.0] AndroidManifest.xml:28:9-30:40
105            android:name="androidx.window.sidecar"
105-->[androidx.window:window:1.0.0] AndroidManifest.xml:29:13-51
106            android:required="false" />
106-->[androidx.window:window:1.0.0] AndroidManifest.xml:30:13-37
107
108        <receiver
108-->[androidx.profileinstaller:profileinstaller:1.4.0] AndroidManifest.xml:34:9-52:20
109            android:name="androidx.profileinstaller.ProfileInstallReceiver"
109-->[androidx.profileinstaller:profileinstaller:1.4.0] AndroidManifest.xml:35:13-76
110            android:directBootAware="false"
110-->[androidx.profileinstaller:profileinstaller:1.4.0] AndroidManifest.xml:36:13-44
111            android:enabled="true"
111-->[androidx.profileinstaller:profileinstaller:1.4.0] AndroidManifest.xml:37:13-35
112            android:exported="true"
112-->[androidx.profileinstaller:profileinstaller:1.4.0] AndroidManifest.xml:38:13-36
113            android:permission="android.permission.DUMP" >
113-->[androidx.profileinstaller:profileinstaller:1.4.0] AndroidManifest.xml:39:13-57
114            <intent-filter>
114-->[androidx.profileinstaller:profileinstaller:1.4.0] AndroidManifest.xml:40:13-42:29
115                <action android:name="androidx.profileinstaller.action.INSTALL_PROFILE" />
115-->[androidx.profileinstaller:profileinstaller:1.4.0] AndroidManifest.xml:41:17-91
115-->[androidx.profileinstaller:profileinstaller:1.4.0] AndroidManifest.xml:41:25-88
116            </intent-filter>
117            <intent-filter>
117-->[androidx.profileinstaller:profileinstaller:1.4.0] AndroidManifest.xml:43:13-45:29
118                <action android:name="androidx.profileinstaller.action.SKIP_FILE" />
118-->[androidx.profileinstaller:profileinstaller:1.4.0] AndroidManifest.xml:44:17-85
118-->[androidx.profileinstaller:profileinstaller:1.4.0] AndroidManifest.xml:44:25-82
119            </intent-filter>
120            <intent-filter>
120-->[androidx.profileinstaller:profileinstaller:1.4.0] AndroidManifest.xml:46:13-48:29
121                <action android:name="androidx.profileinstaller.action.SAVE_PROFILE" />
121-->[androidx.profileinstaller:profileinstaller:1.4.0] AndroidManifest.xml:47:17-88
121-->[androidx.profileinstaller:profileinstaller:1.4.0] AndroidManifest.xml:47:25-85
122            </intent-filter>
123            <intent-filter>
123-->[androidx.profileinstaller:profileinstaller:1.4.0] AndroidManifest.xml:49:13-51:29
124                <action android:name="androidx.profileinstaller.action.BENCHMARK_OPERATION" />
124-->[androidx.profileinstaller:profileinstaller:1.4.0] AndroidManifest.xml:50:17-95
124-->[androidx.profileinstaller:profileinstaller:1.4.0] AndroidManifest.xml:50:25-92
125            </intent-filter>
126        </receiver>
127
128        <service
128-->[com.google.android.datatransport:transport-backend-cct:2.3.3] AndroidManifest.xml:29:9-35:19
129            android:name="com.google.android.datatransport.runtime.backends.TransportBackendDiscovery"
129-->[com.google.android.datatransport:transport-backend-cct:2.3.3] AndroidManifest.xml:30:13-103
130            android:exported="false" >
130-->[com.google.android.datatransport:transport-backend-cct:2.3.3] AndroidManifest.xml:31:13-37
131            <meta-data
131-->[com.google.android.datatransport:transport-backend-cct:2.3.3] AndroidManifest.xml:32:13-34:39
132                android:name="backend:com.google.android.datatransport.cct.CctBackendFactory"
132-->[com.google.android.datatransport:transport-backend-cct:2.3.3] AndroidManifest.xml:33:17-94
133                android:value="cct" />
133-->[com.google.android.datatransport:transport-backend-cct:2.3.3] AndroidManifest.xml:34:17-36
134        </service>
135        <service
135-->[com.google.android.datatransport:transport-runtime:2.2.6] AndroidManifest.xml:26:9-30:19
136            android:name="com.google.android.datatransport.runtime.scheduling.jobscheduling.JobInfoSchedulerService"
136-->[com.google.android.datatransport:transport-runtime:2.2.6] AndroidManifest.xml:27:13-117
137            android:exported="false"
137-->[com.google.android.datatransport:transport-runtime:2.2.6] AndroidManifest.xml:28:13-37
138            android:permission="android.permission.BIND_JOB_SERVICE" >
138-->[com.google.android.datatransport:transport-runtime:2.2.6] AndroidManifest.xml:29:13-69
139        </service>
140
141        <receiver
141-->[com.google.android.datatransport:transport-runtime:2.2.6] AndroidManifest.xml:32:9-34:40
142            android:name="com.google.android.datatransport.runtime.scheduling.jobscheduling.AlarmManagerSchedulerBroadcastReceiver"
142-->[com.google.android.datatransport:transport-runtime:2.2.6] AndroidManifest.xml:33:13-132
143            android:exported="false" />
143-->[com.google.android.datatransport:transport-runtime:2.2.6] AndroidManifest.xml:34:13-37
144    </application>
145
146</manifest>